INFO:     Started server process [24000]
INFO:     Waiting for application startup.
INFO:     Application startup complete.
INFO:     Uvicorn running on http://127.0.0.1:8000 (Press CTRL+C to quit)
INFO:     127.0.0.1:50252 - "GET /api/assets HTTP/1.1" 200 OK
INFO:     127.0.0.1:54042 - "OPTIONS /api/scan HTTP/1.1" 200 OK
INFO:     127.0.0.1:54042 - "POST /api/scan HTTP/1.1" 500 Internal Server Error
ERROR:    Exception in ASGI application
Traceback (most recent call last):
  File "C:\class notes\projects\digital asset protection\venv\Lib\site-packages\fastapi\encoders.py", line 328, in jsonable_encoder
    data = dict(obj)
TypeError: 'numpy.int64' object is not iterable

During handling of the above exception, another exception occurred:

Traceback (most recent call last):
  File "C:\class notes\projects\digital asset protection\venv\Lib\site-packages\fastapi\encoders.py", line 333, in jsonable_encoder
    data = vars(obj)
TypeError: vars() argument must have __dict__ attribute

The above exception was the direct cause of the following exception:

Traceback (most recent call last):
  File "C:\class notes\projects\digital asset protection\venv\Lib\site-packages\uvicorn\protocols\http\h11_impl.py", line 415, in run_asgi
    result = await app(  # type: ignore[func-returns-value]
             ^^^^^^^^^^^^^^^^^^^^^^^^^^^^^^^^^^^^^^^^^^^^^^
        self.scope, self.receive, self.send
        ^^^^^^^^^^^^^^^^^^^^^^^^^^^^^^^^^^^
    )
    ^
  File "C:\class notes\projects\digital asset protection\venv\Lib\site-packages\uvicorn\middleware\proxy_headers.py", line 60, in __call__
    return await self.app(scope, receive, send)
           ^^^^^^^^^^^^^^^^^^^^^^^^^^^^^^^^^^^^
  File "C:\class notes\projects\digital asset protection\venv\Lib\site-packages\fastapi\applications.py", line 1159, in __call__
    await super().__call__(scope, receive, send)
  File "C:\class notes\projects\digital asset protection\venv\Lib\site-packages\starlette\applications.py", line 90, in __call__
    await self.middleware_stack(scope, receive, send)
  File "C:\class notes\projects\digital asset protection\venv\Lib\site-packages\starlette\middleware\errors.py", line 186, in __call__
    raise exc
  File "C:\class notes\projects\digital asset protection\venv\Lib\site-packages\starlette\middleware\errors.py", line 164, in __call__
    await self.app(scope, receive, _send)
  File "C:\class notes\projects\digital asset protection\venv\Lib\site-packages\starlette\middleware\cors.py", line 96, in __call__
    await self.simple_response(scope, receive, send, request_headers=headers)
  File "C:\class notes\projects\digital asset protection\venv\Lib\site-packages\starlette\middleware\cors.py", line 154, in simple_response
    await self.app(scope, receive, send)
  File "C:\class notes\projects\digital asset protection\venv\Lib\site-packages\starlette\middleware\exceptions.py", line 63, in __call__
    await wrap_app_handling_exceptions(self.app, conn)(scope, receive, send)
  File "C:\class notes\projects\digital asset protection\venv\Lib\site-packages\starlette\_exception_handler.py", line 53, in wrapped_app
    raise exc
  File "C:\class notes\projects\digital asset protection\venv\Lib\site-packages\starlette\_exception_handler.py", line 42, in wrapped_app
    await app(scope, receive, sender)
  File "C:\class notes\projects\digital asset protection\venv\Lib\site-packages\fastapi\middleware\asyncexitstack.py", line 18, in __call__
    await self.app(scope, receive, send)
  File "C:\class notes\projects\digital asset protection\venv\Lib\site-packages\starlette\routing.py", line 660, in __call__
    await self.middleware_stack(scope, receive, send)
  File "C:\class notes\projects\digital asset protection\venv\Lib\site-packages\starlette\routing.py", line 680, in app
    await route.handle(scope, receive, send)
  File "C:\class notes\projects\digital asset protection\venv\Lib\site-packages\starlette\routing.py", line 276, in handle
    await self.app(scope, receive, send)
  File "C:\class notes\projects\digital asset protection\venv\Lib\site-packages\fastapi\routing.py", line 134, in app
    await wrap_app_handling_exceptions(app, request)(scope, receive, send)
  File "C:\class notes\projects\digital asset protection\venv\Lib\site-packages\starlette\_exception_handler.py", line 53, in wrapped_app
    raise exc
  File "C:\class notes\projects\digital asset protection\venv\Lib\site-packages\starlette\_exception_handler.py", line 42, in wrapped_app
    await app(scope, receive, sender)
  File "C:\class notes\projects\digital asset protection\venv\Lib\site-packages\fastapi\routing.py", line 120, in app
    response = await f(request)
               ^^^^^^^^^^^^^^^^
  File "C:\class notes\projects\digital asset protection\venv\Lib\site-packages\fastapi\routing.py", line 695, in app
    content = await serialize_response(
              ^^^^^^^^^^^^^^^^^^^^^^^^^
    ...<11 lines>...
    )
    ^
  File "C:\class notes\projects\digital asset protection\venv\Lib\site-packages\fastapi\routing.py", line 317, in serialize_response
    return jsonable_encoder(response_content)
  File "C:\class notes\projects\digital asset protection\venv\Lib\site-packages\fastapi\encoders.py", line 289, in jsonable_encoder
    encoded_value = jsonable_encoder(
        value,
    ...<4 lines>...
        sqlalchemy_safe=sqlalchemy_safe,
    )
  File "C:\class notes\projects\digital asset protection\venv\Lib\site-packages\fastapi\encoders.py", line 303, in jsonable_encoder
    jsonable_encoder(
    ~~~~~~~~~~~~~~~~^
        item,
        ^^^^^
    ...<7 lines>...
        sqlalchemy_safe=sqlalchemy_safe,
        ^^^^^^^^^^^^^^^^^^^^^^^^^^^^^^^^
    )
    ^
  File "C:\class notes\projects\digital asset protection\venv\Lib\site-packages\fastapi\encoders.py", line 289, in jsonable_encoder
    encoded_value = jsonable_encoder(
        value,
    ...<4 lines>...
        sqlalchemy_safe=sqlalchemy_safe,
    )
  File "C:\class notes\projects\digital asset protection\venv\Lib\site-packages\fastapi\encoders.py", line 336, in jsonable_encoder
    raise ValueError(errors) from e
ValueError: [TypeError("'numpy.int64' object is not iterable"), TypeError('vars() argument must have __dict__ attribute')]
INFO:     127.0.0.1:54975 - "OPTIONS /api/assets HTTP/1.1" 200 OK
INFO:     127.0.0.1:54975 - "GET /api/assets HTTP/1.1" 200 OK
INFO:     127.0.0.1:51899 - "OPTIONS /api/assets HTTP/1.1" 200 OK
INFO:     127.0.0.1:51899 - "GET /api/assets HTTP/1.1" 200 OK
INFO:     127.0.0.1:59421 - "OPTIONS /api/scan HTTP/1.1" 200 OK
INFO:     127.0.0.1:59421 - "POST /api/scan HTTP/1.1" 500 Internal Server Error
ERROR:    Exception in ASGI application
Traceback (most recent call last):
  File "C:\class notes\projects\digital asset protection\venv\Lib\site-packages\fastapi\encoders.py", line 328, in jsonable_encoder
    data = dict(obj)
TypeError: 'numpy.int64' object is not iterable

During handling of the above exception, another exception occurred:

Traceback (most recent call last):
  File "C:\class notes\projects\digital asset protection\venv\Lib\site-packages\fastapi\encoders.py", line 333, in jsonable_encoder
    data = vars(obj)
TypeError: vars() argument must have __dict__ attribute

The above exception was the direct cause of the following exception:

Traceback (most recent call last):
  File "C:\class notes\projects\digital asset protection\venv\Lib\site-packages\uvicorn\protocols\http\h11_impl.py", line 415, in run_asgi
    result = await app(  # type: ignore[func-returns-value]
             ^^^^^^^^^^^^^^^^^^^^^^^^^^^^^^^^^^^^^^^^^^^^^^
        self.scope, self.receive, self.send
        ^^^^^^^^^^^^^^^^^^^^^^^^^^^^^^^^^^^
    )
    ^
  File "C:\class notes\projects\digital asset protection\venv\Lib\site-packages\uvicorn\middleware\proxy_headers.py", line 60, in __call__
    return await self.app(scope, receive, send)
           ^^^^^^^^^^^^^^^^^^^^^^^^^^^^^^^^^^^^
  File "C:\class notes\projects\digital asset protection\venv\Lib\site-packages\fastapi\applications.py", line 1159, in __call__
    await super().__call__(scope, receive, send)
  File "C:\class notes\projects\digital asset protection\venv\Lib\site-packages\starlette\applications.py", line 90, in __call__
    await self.middleware_stack(scope, receive, send)
  File "C:\class notes\projects\digital asset protection\venv\Lib\site-packages\starlette\middleware\errors.py", line 186, in __call__
    raise exc
  File "C:\class notes\projects\digital asset protection\venv\Lib\site-packages\starlette\middleware\errors.py", line 164, in __call__
    await self.app(scope, receive, _send)
  File "C:\class notes\projects\digital asset protection\venv\Lib\site-packages\starlette\middleware\cors.py", line 96, in __call__
    await self.simple_response(scope, receive, send, request_headers=headers)
  File "C:\class notes\projects\digital asset protection\venv\Lib\site-packages\starlette\middleware\cors.py", line 154, in simple_response
    await self.app(scope, receive, send)
  File "C:\class notes\projects\digital asset protection\venv\Lib\site-packages\starlette\middleware\exceptions.py", line 63, in __call__
    await wrap_app_handling_exceptions(self.app, conn)(scope, receive, send)
  File "C:\class notes\projects\digital asset protection\venv\Lib\site-packages\starlette\_exception_handler.py", line 53, in wrapped_app
    raise exc
  File "C:\class notes\projects\digital asset protection\venv\Lib\site-packages\starlette\_exception_handler.py", line 42, in wrapped_app
    await app(scope, receive, sender)
  File "C:\class notes\projects\digital asset protection\venv\Lib\site-packages\fastapi\middleware\asyncexitstack.py", line 18, in __call__
    await self.app(scope, receive, send)
  File "C:\class notes\projects\digital asset protection\venv\Lib\site-packages\starlette\routing.py", line 660, in __call__
    await self.middleware_stack(scope, receive, send)
  File "C:\class notes\projects\digital asset protection\venv\Lib\site-packages\starlette\routing.py", line 680, in app
    await route.handle(scope, receive, send)
  File "C:\class notes\projects\digital asset protection\venv\Lib\site-packages\starlette\routing.py", line 276, in handle
    await self.app(scope, receive, send)
  File "C:\class notes\projects\digital asset protection\venv\Lib\site-packages\fastapi\routing.py", line 134, in app
    await wrap_app_handling_exceptions(app, request)(scope, receive, send)
  File "C:\class notes\projects\digital asset protection\venv\Lib\site-packages\starlette\_exception_handler.py", line 53, in wrapped_app
    raise exc
  File "C:\class notes\projects\digital asset protection\venv\Lib\site-packages\starlette\_exception_handler.py", line 42, in wrapped_app
    await app(scope, receive, sender)
  File "C:\class notes\projects\digital asset protection\venv\Lib\site-packages\fastapi\routing.py", line 120, in app
    response = await f(request)
               ^^^^^^^^^^^^^^^^
  File "C:\class notes\projects\digital asset protection\venv\Lib\site-packages\fastapi\routing.py", line 695, in app
    content = await serialize_response(
              ^^^^^^^^^^^^^^^^^^^^^^^^^
    ...<11 lines>...
    )
    ^
  File "C:\class notes\projects\digital asset protection\venv\Lib\site-packages\fastapi\routing.py", line 317, in serialize_response
    return jsonable_encoder(response_content)
  File "C:\class notes\projects\digital asset protection\venv\Lib\site-packages\fastapi\encoders.py", line 289, in jsonable_encoder
    encoded_value = jsonable_encoder(
        value,
    ...<4 lines>...
        sqlalchemy_safe=sqlalchemy_safe,
    )
  File "C:\class notes\projects\digital asset protection\venv\Lib\site-packages\fastapi\encoders.py", line 303, in jsonable_encoder
    jsonable_encoder(
    ~~~~~~~~~~~~~~~~^
        item,
        ^^^^^
    ...<7 lines>...
        sqlalchemy_safe=sqlalchemy_safe,
        ^^^^^^^^^^^^^^^^^^^^^^^^^^^^^^^^
    )
    ^
  File "C:\class notes\projects\digital asset protection\venv\Lib\site-packages\fastapi\encoders.py", line 289, in jsonable_encoder
    encoded_value = jsonable_encoder(
        value,
    ...<4 lines>...
        sqlalchemy_safe=sqlalchemy_safe,
    )
  File "C:\class notes\projects\digital asset protection\venv\Lib\site-packages\fastapi\encoders.py", line 336, in jsonable_encoder
    raise ValueError(errors) from e
ValueError: [TypeError("'numpy.int64' object is not iterable"), TypeError('vars() argument must have __dict__ attribute')]
INFO:     127.0.0.1:59195 - "OPTIONS /api/assets HTTP/1.1" 200 OK
INFO:     127.0.0.1:59195 - "GET /api/assets HTTP/1.1" 200 OK
